6: RetType ->  VOID
32: Type -> BOOL
11: FormalDecl -> Type ID
9: FormalsList -> FormalDecl
8: Formals -> FormalsList
35: Exp -> ID
39: Exp -> STRING
28: ExpList -> Exp
26: Call -> ID LPAREN ExpList RPAREN
18: Statement -> Call SC
21: Statement -> IF LPAREN Exp RPAREN Statement
12: Statements -> Statement
4: FuncDecl -> RetType ID LPAREN Formals RPAREN LBRACE Statements RBRACE
6: RetType ->  VOID
7: Formals -> epsilon
30: Type -> INT
37: Exp -> NUM
16: Statement -> Type ID ASSIGN Exp SC
12: Statements -> Statement
31: Type -> BYTE
38: Exp -> NUM B
16: Statement -> Type ID ASSIGN Exp SC
13: Statements -> Statements Statement
35: Exp -> ID
35: Exp -> ID
45: Exp -> Exp RELOP Exp
28: ExpList -> Exp
26: Call -> ID LPAREN ExpList RPAREN
18: Statement -> Call SC
13: Statements -> Statements Statement
30: Type -> INT
15: Statement -> Type ID SC
13: Statements -> Statements Statement
35: Exp -> ID
37: Exp -> NUM
45: Exp -> Exp RELOP Exp
39: Exp -> STRING
28: ExpList -> Exp
26: Call -> ID LPAREN ExpList RPAREN
18: Statement -> Call SC
12: Statements -> Statement
14: Statement -> LBRACE Statements RBRACE
35: Exp -> ID
28: ExpList -> Exp
26: Call -> ID LPAREN ExpList RPAREN
18: Statement -> Call SC
22: Statement -> IF LPAREN Exp RPAREN Statement ELSE Statement
13: Statements -> Statements Statement
4: FuncDecl -> RetType ID LPAREN Formals RPAREN LBRACE Statements RBRACE
2: Funcs -> epsilon
3: Funcs -> FuncDecl Funcs
3: Funcs -> FuncDecl Funcs
1: Program -> Funcs
